2025-07-14 09:15:13 — pcc_pipeline — INFO — Configuration loaded
2025-07-14 09:15:13 — pcc_pipeline — INFO — Schema validated successfully against schemas/input_schema.json
2025-07-14 09:15:14 — pcc_pipeline — INFO — Embedding validation complete: 100 valid, 0 dropped
2025-07-14 09:15:14 — pcc_pipeline — INFO — Schema validated successfully against schemas/output_schema.json
2025-07-14 09:15:14 — pcc_pipeline — INFO — Formatted prediction output with 100 rows. Ready for persistence.
2025-07-14 09:15:14 — pcc_pipeline — INFO — Schema validated successfully against schemas/output_schema.json
2025-07-14 09:16:08 — pcc_pipeline — INFO — Starting PCC pipeline with BigQuery data
2025-07-14 09:16:08 — pcc_pipeline — INFO — Partition date: 20250101
2025-07-14 09:17:27 — pcc_pipeline — INFO — Configuration loaded
2025-07-14 09:17:27 — pcc_pipeline — INFO — Schema validated successfully against schemas/input_schema.json
2025-07-14 09:17:27 — pcc_pipeline — INFO — Embedding validation complete: 100 valid, 0 dropped
2025-07-14 09:17:28 — pcc_pipeline — INFO — Schema validated successfully against schemas/output_schema.json
2025-07-14 09:17:28 — pcc_pipeline — INFO — Formatted prediction output with 100 rows. Ready for persistence.
2025-07-14 09:17:28 — pcc_pipeline — INFO — Schema validated successfully against schemas/output_schema.json
2025-07-14 09:18:03 — pcc_pipeline — INFO — Configuration loaded
2025-07-14 09:18:03 — pcc_pipeline — INFO — Schema validated successfully against schemas/input_schema.json
2025-07-14 09:18:03 — pcc_pipeline — INFO — Embedding validation complete: 100 valid, 0 dropped
2025-07-14 09:18:04 — pcc_pipeline — INFO — Schema validated successfully against schemas/output_schema.json
2025-07-14 09:18:04 — pcc_pipeline — INFO — Formatted prediction output with 100 rows. Ready for persistence.
2025-07-14 09:18:04 — pcc_pipeline — INFO — Schema validated successfully against schemas/output_schema.json
2025-07-14 09:18:05 — pcc_pipeline — INFO — Schema validated successfully against schemas/output_schema.json
2025-07-14 09:18:11 — pcc_pipeline — WARNING — Failed to log pipeline run to monitoring system
2025-07-14 09:22:19 — pcc_pipeline — INFO — Configuration loaded
2025-07-14 09:22:19 — pcc_pipeline — INFO — Schema validated successfully against schemas/input_schema.json
2025-07-14 09:22:19 — pcc_pipeline — INFO — Embedding validation complete: 100 valid, 0 dropped
2025-07-14 09:22:20 — pcc_pipeline — INFO — Schema validated successfully against schemas/output_schema.json
2025-07-14 09:22:20 — pcc_pipeline — INFO — Formatted prediction output with 100 rows. Ready for persistence.
2025-07-14 09:22:20 — pcc_pipeline — INFO — Schema validated successfully against schemas/output_schema.json
2025-07-14 09:22:21 — pcc_pipeline — INFO — Schema validated successfully against schemas/output_schema.json
2025-07-14 09:22:59 — pcc_pipeline — INFO — Starting PCC pipeline with BigQuery data
2025-07-14 09:22:59 — pcc_pipeline — INFO — Partition date: 20250101
2025-07-14 09:23:48 — pcc_pipeline — INFO — Starting PCC pipeline with BigQuery data
2025-07-14 09:23:48 — pcc_pipeline — INFO — Partition date: 20250101
2025-07-14 09:23:49 — pcc_pipeline — INFO — Running query for partition 20250101...
2025-07-14 09:26:02 — pcc_pipeline — INFO — Configuration loaded
2025-07-14 09:26:02 — pcc_pipeline — INFO — Schema validated successfully against schemas/input_schema.json
2025-07-14 09:26:02 — pcc_pipeline — INFO — Embedding validation complete: 100 valid, 0 dropped
2025-07-14 09:26:03 — pcc_pipeline — INFO — Schema validated successfully against schemas/output_schema.json
2025-07-14 09:26:03 — pcc_pipeline — INFO — Formatted prediction output with 100 rows. Ready for persistence.
2025-07-14 09:26:03 — pcc_pipeline — INFO — Schema validated successfully against schemas/output_schema.json
2025-07-14 09:26:04 — pcc_pipeline — INFO — Schema validated successfully against schemas/output_schema.json
2025-07-14 09:26:13 — pcc_pipeline — WARNING — Failed to log pipeline run to monitoring system
2025-07-14 09:28:34 — pcc_pipeline — INFO — Configuration loaded
2025-07-14 09:28:34 — pcc_pipeline — INFO — Schema validated successfully against schemas/input_schema.json
2025-07-14 09:28:34 — pcc_pipeline — INFO — Embedding validation complete: 100 valid, 0 dropped
2025-07-14 09:28:35 — pcc_pipeline — INFO — Schema validated successfully against schemas/output_schema.json
2025-07-14 09:28:35 — pcc_pipeline — INFO — Formatted prediction output with 100 rows. Ready for persistence.
2025-07-14 09:28:35 — pcc_pipeline — INFO — Schema validated successfully against schemas/output_schema.json
2025-07-14 09:28:36 — pcc_pipeline — INFO — Schema validated successfully against schemas/output_schema.json
2025-07-14 09:28:42 — pcc_pipeline — INFO — Schema validated successfully against schemas/inference_log_schema.json
2025-07-14 09:28:45 — pcc_pipeline — WARNING — Failed to log pipeline run to monitoring system
2025-07-14 09:29:50 — pcc_pipeline — INFO — Configuration loaded
2025-07-14 09:29:50 — pcc_pipeline — INFO — Schema validated successfully against schemas/input_schema.json
2025-07-14 09:29:50 — pcc_pipeline — INFO — Embedding validation complete: 100 valid, 0 dropped
2025-07-14 09:29:51 — pcc_pipeline — INFO — Schema validated successfully against schemas/output_schema.json
2025-07-14 09:29:51 — pcc_pipeline — INFO — Formatted prediction output with 100 rows. Ready for persistence.
2025-07-14 09:29:51 — pcc_pipeline — INFO — Schema validated successfully against schemas/output_schema.json
2025-07-14 09:29:51 — pcc_pipeline — INFO — Schema validated successfully against schemas/output_schema.json
2025-07-14 09:29:58 — pcc_pipeline — INFO — Schema validated successfully against schemas/inference_log_schema.json
2025-07-14 09:30:02 — pcc_pipeline — WARNING — Failed to log pipeline run to monitoring system
2025-07-14 09:31:29 — pcc_pipeline — INFO — Configuration loaded
2025-07-14 09:31:29 — pcc_pipeline — INFO — Schema validated successfully against schemas/input_schema.json
2025-07-14 09:31:29 — pcc_pipeline — INFO — Embedding validation complete: 100 valid, 0 dropped
2025-07-14 09:31:30 — pcc_pipeline — INFO — Schema validated successfully against schemas/output_schema.json
2025-07-14 09:31:30 — pcc_pipeline — INFO — Formatted prediction output with 100 rows. Ready for persistence.
2025-07-14 09:31:30 — pcc_pipeline — INFO — Schema validated successfully against schemas/output_schema.json
2025-07-14 09:31:30 — pcc_pipeline — INFO — Schema validated successfully against schemas/output_schema.json
2025-07-14 09:31:38 — pcc_pipeline — INFO — Schema validated successfully against schemas/inference_log_schema.json
2025-07-14 09:31:42 — pcc_pipeline — WARNING — Failed to log pipeline run to monitoring system
2025-07-14 09:33:05 — pcc_pipeline — INFO — Configuration loaded
2025-07-14 09:33:05 — pcc_pipeline — INFO — Schema validated successfully against schemas/input_schema.json
2025-07-14 09:33:05 — pcc_pipeline — INFO — Embedding validation complete: 100 valid, 0 dropped
2025-07-14 09:33:06 — pcc_pipeline — INFO — Schema validated successfully against schemas/output_schema.json
2025-07-14 09:33:06 — pcc_pipeline — INFO — Formatted prediction output with 100 rows. Ready for persistence.
2025-07-14 09:33:06 — pcc_pipeline — INFO — Schema validated successfully against schemas/output_schema.json
2025-07-14 09:33:07 — pcc_pipeline — INFO — Schema validated successfully against schemas/output_schema.json
2025-07-14 09:33:14 — pcc_pipeline — INFO — Schema validated successfully against schemas/inference_log_schema.json
2025-07-14 09:33:18 — pcc_pipeline — WARNING — Failed to log pipeline run to monitoring system
2025-07-14 09:33:42 — pcc_pipeline — INFO — Configuration loaded
2025-07-14 09:33:42 — pcc_pipeline — INFO — Schema validated successfully against schemas/input_schema.json
2025-07-14 09:33:42 — pcc_pipeline — INFO — Embedding validation complete: 100 valid, 0 dropped
2025-07-14 09:33:43 — pcc_pipeline — INFO — Schema validated successfully against schemas/output_schema.json
2025-07-14 09:33:43 — pcc_pipeline — INFO — Formatted prediction output with 100 rows. Ready for persistence.
2025-07-14 09:33:43 — pcc_pipeline — INFO — Schema validated successfully against schemas/output_schema.json
2025-07-14 09:33:43 — pcc_pipeline — INFO — Schema validated successfully against schemas/output_schema.json
2025-07-14 09:33:51 — pcc_pipeline — INFO — Schema validated successfully against schemas/inference_log_schema.json
2025-07-14 09:33:55 — pcc_pipeline — WARNING — Failed to log pipeline run to monitoring system
2025-07-14 09:35:51 — pcc_pipeline — INFO — Configuration loaded
2025-07-14 09:35:51 — pcc_pipeline — INFO — Schema validated successfully against schemas/input_schema.json
2025-07-14 09:35:51 — pcc_pipeline — INFO — Embedding validation complete: 100 valid, 0 dropped
2025-07-14 09:35:52 — pcc_pipeline — INFO — Schema validated successfully against schemas/output_schema.json
2025-07-14 09:35:52 — pcc_pipeline — INFO — Formatted prediction output with 100 rows. Ready for persistence.
2025-07-14 09:35:52 — pcc_pipeline — INFO — Schema validated successfully against schemas/output_schema.json
2025-07-14 09:35:53 — pcc_pipeline — INFO — Schema validated successfully against schemas/output_schema.json
2025-07-14 09:35:59 — pcc_pipeline — INFO — Schema validated successfully against schemas/inference_log_schema.json
2025-07-14 09:36:00 — pcc_pipeline — INFO — Pipeline run logged to monitoring system successfully
